<?xml version="1.0" encoding="UTF-8"?>
<testng-results skipped="1" failed="0" total="1" passed="0">
  <reporter-output>
  </reporter-output>
  <suite name="Default suite" duration-ms="45817" started-at="2016-11-06T08:45:51Z" finished-at="2016-11-06T08:46:37Z">
    <groups>
    </groups>
    <test name="Default test" duration-ms="45817" started-at="2016-11-06T08:45:51Z" finished-at="2016-11-06T08:46:37Z">
      <class name="com.act.Hybrid.bvt.AdminBvt_263">
        <test-method status="PASS" signature="beforeSuite()[pri:0, instance:com.act.Hybrid.bvt.AdminBvt_263@1224144a]" name="beforeSuite" is-config="true" duration-ms="1617" started-at="2016-11-06T14:15:50Z" finished-at="2016-11-06T14:15:51Z">
          <reporter-output>
          </reporter-output>
        </test-method> <!-- beforeSuite -->
        <test-method status="FAIL" signature="beforeClass()[pri:0, instance:com.act.Hybrid.bvt.AdminBvt_263@1224144a]" name="beforeClass" is-config="true" duration-ms="0" started-at="2016-11-06T14:15:51Z" finished-at="2016-11-06T14:15:51Z">
          <exception class="java.lang.AssertionError">
            <message>
              <![CDATA[ Project is not selected successfully. expected [true] but found [false]]]>
            </message>
            <full-stacktrace>
              <![CDATA[java.lang.AssertionError:  Project is not selected successfully. expected [true] but found [false]
	at org.testng.Assert.fail(Assert.java:94)
	at org.testng.Assert.failNotEquals(Assert.java:494)
	at org.testng.Assert.assertTrue(Assert.java:42)
	at com.act.Hybrid.bvt.AdminBvt_263.beforeClass(AdminBvt_263.java:56)
	at sun.reflect.NativeMethodAccessorImpl.invoke0(Native Method)
	at sun.reflect.NativeMethodAccessorImpl.invoke(Unknown Source)
	at sun.reflect.DelegatingMethodAccessorImpl.invoke(Unknown Source)
	at java.lang.reflect.Method.invoke(Unknown Source)
	at org.testng.internal.MethodInvocationHelper.invokeMethod(MethodInvocationHelper.java:84)
	at org.testng.internal.Invoker.invokeConfigurationMethod(Invoker.java:564)
	at org.testng.internal.Invoker.invokeConfigurations(Invoker.java:213)
	at org.testng.internal.Invoker.invokeConfigurations(Invoker.java:138)
	at org.testng.internal.TestMethodWorker.invokeBeforeClassMethods(TestMethodWorker.java:175)
	at org.testng.internal.TestMethodWorker.run(TestMethodWorker.java:107)
	at org.testng.TestRunner.privateRun(TestRunner.java:767)
	at org.testng.TestRunner.run(TestRunner.java:617)
	at org.testng.SuiteRunner.runTest(SuiteRunner.java:334)
	at org.testng.SuiteRunner.runSequentially(SuiteRunner.java:329)
	at org.testng.SuiteRunner.privateRun(SuiteRunner.java:291)
	at org.testng.SuiteRunner.run(SuiteRunner.java:240)
	at org.testng.SuiteRunnerWorker.runSuite(SuiteRunnerWorker.java:52)
	at org.testng.SuiteRunnerWorker.run(SuiteRunnerWorker.java:86)
	at org.testng.TestNG.runSuitesSequentially(TestNG.java:1224)
	at org.testng.TestNG.runSuitesLocally(TestNG.java:1149)
	at org.testng.TestNG.run(TestNG.java:1057)
	at org.testng.remote.AbstractRemoteTestNG.run(AbstractRemoteTestNG.java:132)
	at org.testng.remote.RemoteTestNG.initAndRun(RemoteTestNG.java:236)
	at org.testng.remote.RemoteTestNG.main(RemoteTestNG.java:81)
]]>
            </full-stacktrace>
          </exception> <!-- java.lang.AssertionError -->
          <reporter-output>
          </reporter-output>
        </test-method> <!-- beforeClass -->
        <test-method status="SKIP" signature="beforeMethod()[pri:0, instance:com.act.Hybrid.bvt.AdminBvt_263@1224144a]" name="beforeMethod" is-config="true" duration-ms="0" started-at="2016-11-06T14:16:37Z" finished-at="2016-11-06T14:16:37Z">
          <reporter-output>
          </reporter-output>
        </test-method> <!-- beforeMethod -->
        <test-method status="SKIP" signature="testBvt1()[pri:0, instance:com.act.Hybrid.bvt.AdminBvt_263@1224144a]" name="testBvt1" duration-ms="4" started-at="2016-11-06T14:16:37Z" finished-at="2016-11-06T14:16:37Z">
          <reporter-output>
          </reporter-output>
        </test-method> <!-- testBvt1 -->
        <test-method status="SKIP" signature="afterMethod()[pri:0, instance:com.act.Hybrid.bvt.AdminBvt_263@1224144a]" name="afterMethod" is-config="true" duration-ms="0" started-at="2016-11-06T14:16:37Z" finished-at="2016-11-06T14:16:37Z">
          <reporter-output>
          </reporter-output>
        </test-method> <!-- afterMethod -->
        <test-method status="SKIP" signature="afterClass()[pri:0, instance:com.act.Hybrid.bvt.AdminBvt_263@1224144a]" name="afterClass" is-config="true" duration-ms="0" started-at="2016-11-06T14:16:37Z" finished-at="2016-11-06T14:16:37Z">
          <reporter-output>
          </reporter-output>
        </test-method> <!-- afterClass -->
        <test-method status="SKIP" signature="afterSuite()[pri:0, instance:com.act.Hybrid.bvt.AdminBvt_263@1224144a]" name="afterSuite" is-config="true" duration-ms="0" started-at="2016-11-06T14:16:37Z" finished-at="2016-11-06T14:16:37Z">
          <reporter-output>
          </reporter-output>
        </test-method> <!-- afterSuite -->
      </class> <!-- com.act.Hybrid.bvt.AdminBvt_263 -->
    </test> <!-- Default test -->
  </suite> <!-- Default suite -->
</testng-results>
